Build started 23/10/2016 08:08:32 م.
     1>Project "G:\work shop\new\new\new.vcxproj" on node 2 (build target(s)).
     1>PrepareForBuild:
         Creating directory "G:\work shop\new\Debug\".
       InitializeBuildStatus:
         Creating "Debug\new.unsuccessfulbuild" because "AlwaysCreate" was specified.
       ClCompile:
         C:\Program Files\Microsoft Visual Studio 10.0\VC\bin\CL.exe /c /ZI /nologo /W3 /WX- /Od /Oy- /D WIN32 /D _DEBUG /D _CONSOLE /D _UNICODE /D UNICODE /Gm /EHsc /RTC1 /MDd /GS /fp:precise /Zc:wchar_t /Zc:forScope /Yc"StdAfx.h" /Fp"Debug\new.pch" /Fo"Debug\\" /Fd"Debug\vc100.pdb" /Gd /TP /analyze- /errorReport:prompt stdafx.cpp
         stdafx.cpp
         C:\Program Files\Microsoft Visual Studio 10.0\VC\bin\CL.exe /c /ZI /nologo /W3 /WX- /Od /Oy- /D WIN32 /D _DEBUG /D _CONSOLE /D _UNICODE /D UNICODE /Gm /EHsc /RTC1 /MDd /GS /fp:precise /Zc:wchar_t /Zc:forScope /Yu"StdAfx.h" /Fp"Debug\new.pch" /Fo"Debug\\" /Fd"Debug\vc100.pdb" /Gd /TP /analyze- /errorReport:prompt new.cpp
         new.cpp
     1>g:\work shop\new\new\new.cpp(11): warning C4005: 'NULL' : macro redefinition
                 c:\program files\microsoft visual studio 10.0\vc\include\stdio.h(120) : see previous definition of 'NULL'
       ManifestResourceCompile:
         C:\Program Files\Microsoft SDKs\Windows\v7.0A\bin\rc.exe /nologo /fo"Debug\new.exe.embed.manifest.res" Debug\new_manifest.rc 
       Link:
         C:\Program Files\Microsoft Visual Studio 10.0\VC\bin\link.exe /ERRORREPORT:PROMPT /OUT:"G:\work shop\new\Debug\new.exe" /INCREMENTAL /NOLOGO kernel32.lib user32.lib gdi32.lib winspool.lib comdlg32.lib advapi32.lib shell32.lib ole32.lib oleaut32.lib uuid.lib odbc32.lib odbccp32.lib /MANIFEST /ManifestFile:"Debug\new.exe.intermediate.manifest" /MANIFESTUAC:"level='asInvoker' uiAccess='false'" /DEBUG /PDB:"G:\work shop\new\Debug\new.pdb" /SUBSYSTEM:CONSOLE /TLBID:1 /DYNAMICBASE /NXCOMPAT /IMPLIB:"G:\work shop\new\Debug\new.lib" /MACHINE:X86 Debug\new.exe.embed.manifest.res
         Debug\new.obj
         Debug\stdafx.obj
       Manifest:
         C:\Program Files\Microsoft SDKs\Windows\v7.0A\bin\mt.exe /nologo /verbose /out:"Debug\new.exe.embed.manifest" /manifest Debug\new.exe.intermediate.manifest
         C:\Program Files\Microsoft SDKs\Windows\v7.0A\bin\rc.exe /nologo /fo"Debug\new.exe.embed.manifest.res" Debug\new_manifest.rc 
       LinkEmbedManifest:
         C:\Program Files\Microsoft Visual Studio 10.0\VC\bin\link.exe /ERRORREPORT:PROMPT /OUT:"G:\work shop\new\Debug\new.exe" /INCREMENTAL /NOLOGO kernel32.lib user32.lib gdi32.lib winspool.lib comdlg32.lib advapi32.lib shell32.lib ole32.lib oleaut32.lib uuid.lib odbc32.lib odbccp32.lib /MANIFEST /ManifestFile:"Debug\new.exe.intermediate.manifest" /MANIFESTUAC:"level='asInvoker' uiAccess='false'" /DEBUG /PDB:"G:\work shop\new\Debug\new.pdb" /SUBSYSTEM:CONSOLE /TLBID:1 /DYNAMICBASE /NXCOMPAT /IMPLIB:"G:\work shop\new\Debug\new.lib" /MACHINE:X86 Debug\new.exe.embed.manifest.res
         Debug\new.obj
         Debug\stdafx.obj
         new.vcxproj -> G:\work shop\new\Debug\new.exe
       FinalizeBuildStatus:
         Deleting file "Debug\new.unsuccessfulbuild".
         Touching "Debug\new.lastbuildstate".
     1>Done Building Project "G:\work shop\new\new\new.vcxproj" (build target(s)).

Build succeeded.

Time Elapsed 00:00:03.73
