Build started 20-Oct-16 8:31:20 PM.
     1>Project "E:\graduationproject\SortData\SortData\SortData.vcxproj" on node 2 (build target(s)).
     1>InitializeBuildStatus:
         Creating "Debug\SortData.unsuccessfulbuild" because "AlwaysCreate" was specified.
       ClCompile:
         All outputs are up-to-date.
         C:\Program Files (x86)\Microsoft Visual Studio 10.0\VC\bin\CL.exe /c /ZI /nologo /W3 /WX- /Od /Oy- /D WIN32 /D _DEBUG /D _CONSOLE /D _UNICODE /D UNICODE /Gm /EHsc /RTC1 /MDd /GS /fp:precise /Zc:wchar_t /Zc:forScope /Yu"StdAfx.h" /Fp"Debug\SortData.pch" /Fo"Debug\\" /Fd"Debug\vc100.pdb" /Gd /TP /analyze- /errorReport:prompt SortData.cpp
         SortData.cpp
       ManifestResourceCompile:
         All outputs are up-to-date.
       Link:
         C:\Program Files (x86)\Microsoft Visual Studio 10.0\VC\bin\link.exe /ERRORREPORT:PROMPT /OUT:"E:\graduationproject\SortData\Debug\SortData.exe" /INCREMENTAL /NOLOGO kernel32.lib user32.lib gdi32.lib winspool.lib comdlg32.lib advapi32.lib shell32.lib ole32.lib oleaut32.lib uuid.lib odbc32.lib odbccp32.lib /MANIFEST /ManifestFile:"Debug\SortData.exe.intermediate.manifest" /MANIFESTUAC:"level='asInvoker' uiAccess='false'" /DEBUG /PDB:"E:\graduationproject\SortData\Debug\SortData.pdb" /SUBSYSTEM:CONSOLE /TLBID:1 /DYNAMICBASE /NXCOMPAT /IMPLIB:"E:\graduationproject\SortData\Debug\SortData.lib" /MACHINE:X86 Debug\SortData.exe.embed.manifest.res
         Debug\SortData.obj
         Debug\stdafx.obj
       Manifest:
         C:\Program Files (x86)\Microsoft SDKs\Windows\v7.0A\bin\mt.exe /nologo /verbose /out:"Debug\SortData.exe.embed.manifest" /manifest Debug\SortData.exe.intermediate.manifest
         All outputs are up-to-date.
       LinkEmbedManifest:
         All outputs are up-to-date.
         SortData.vcxproj -> E:\graduationproject\SortData\Debug\SortData.exe
       FinalizeBuildStatus:
         Deleting file "Debug\SortData.unsuccessfulbuild".
         Touching "Debug\SortData.lastbuildstate".
     1>Done Building Project "E:\graduationproject\SortData\SortData\SortData.vcxproj" (build target(s)).

Build succeeded.

Time Elapsed 00:00:03.81
